\BOOKMARK [1][-]{section.1}{INTRODUCTION}{}% 1
\BOOKMARK [1][-]{section.2}{GAMES WITH SURVEILLANCE OBJECTIVES}{}% 2
\BOOKMARK [2][-]{subsection.2.1}{Surveillance Game Structures}{section.2}% 3
\BOOKMARK [2][-]{subsection.2.2}{Belief-Set Game Structures}{section.2}% 4
\BOOKMARK [2][-]{subsection.2.3}{Temporal Surveillance Objectives}{section.2}% 5
\BOOKMARK [2][-]{subsection.2.4}{Incorporating Task Specifications}{section.2}% 6
\BOOKMARK [2][-]{subsection.2.5}{Surveillance Synthesis Problem}{section.2}% 7
\BOOKMARK [1][-]{section.3}{BELIEF SET ABSTRACTION}{}% 8
\BOOKMARK [1][-]{section.4}{BELIEF REFINEMENT FOR SAFETY}{}% 9
\BOOKMARK [2][-]{subsection.4.1}{Counterexample Tree}{section.4}% 10
\BOOKMARK [2][-]{subsection.4.2}{Counterexample-Guided Refinement}{section.4}% 11
\BOOKMARK [3][-]{subsubsection.4.2.1}{Forward belief-set propagation}{subsection.4.2}% 12
\BOOKMARK [3][-]{subsubsection.4.2.2}{Backward partition splitting}{subsection.4.2}% 13
\BOOKMARK [1][-]{section.5}{BELIEF REFINEMENT FOR LIVENESS}{}% 14
\BOOKMARK [2][-]{subsection.5.1}{Counterexample Graph}{section.5}% 15
\BOOKMARK [2][-]{subsection.5.2}{Counterexample-Guided Refinement}{section.5}% 16
\BOOKMARK [3][-]{subsubsection.5.2.1}{Forward belief-set propagation}{subsection.5.2}% 17
\BOOKMARK [3][-]{subsubsection.5.2.2}{Backward partition splitting}{subsection.5.2}% 18
\BOOKMARK [2][-]{subsection.5.3}{General surveillance and task specifications}{section.5}% 19
\BOOKMARK [1][-]{section.6}{EXPERIMENTAL EVALUATION}{}% 20
\BOOKMARK [2][-]{subsection.6.1}{Liveness surveillance specification + task specification}{section.6}% 21
\BOOKMARK [2][-]{subsection.6.2}{Safety surveillance specification + task specification}{section.6}% 22
\BOOKMARK [1][-]{section*.9}{References}{}% 23
